
2018-03-20 16:44:15	;43.272262514	;-2.939972596	;069	;0000	;000	;040517	;0759	;01477	;01450	;BC3BC3
2018-03-20 16:44:54	;43.272289185	;-2.940007723	;069	;0000	;000	;040517	;0759	;01477	;01450	;BC3BC3
2018-03-20 16:45:04	;43.272328169	;-2.940019871	;002	;4444	;333	;290506	;2338	;00720	;00375	;830D9B
2018-03-20 16:47:23	;43.272401278	;-2.940066695	;069	;0000	;000	;040517	;0759	;01477	;01450	;BC3BC3
2018-03-20 16:47:50	;43.272399087	;-2.940087509	;069	;0000	;000	;040517	;0759	;01477	;01450	;BC3BC3
2018-03-20 16:48:10	;43.272421661	;-2.940074646	;069	;0000	;000	;040517	;0759	;01477	;01450	;BC3BC3
2018-03-20 16:50:02	;43.272304462	;-2.939910637	;069	;0000	;000	;040517	;0759	;01477	;01450	;BC3BC3
2018-03-20 16:50:28	;43.272230871	;-2.939979965	;069	;0000	;000	;040517	;0759	;01477	;01450	;BC3BC3
2018-03-20 16:51:40	;43.272318777	;-2.940042426	;002	;4444	;333	;290506	;2338	;00720	;00375	;830D9B
2018-03-21 07:36:22	;43.272309985	;-2.939880399	;069	;0000	;000	;040517	;0759	;01477	;01450	;BC3BC3
2018-03-21 07:37:19	;0.0	;0.0	;069	;0000	;000	;040517	;0759	;01477	;01450	;BC3BC3
2018-03-21 08:50:45	;43.2723425	;-2.940125	;069	;0000	;000	;040517	;0759	;01477	;01450	;BC3BC3
2018-03-21 08:51:06	;43.2723425	;-2.940125833	;069	;0000	;000	;040517	;0759	;01477	;01450	;BC3BC3
2018-03-21 08:51:54	;43.272301333	;-2.940159667	;002	;4444	;333	;290506	;2338	;00720	;00375	;830D9B
2018-03-21 08:52:43	;43.272316	;-2.940175667	;069	;0000	;000	;040517	;0759	;01477	;01450	;BC3BC3
2018-03-21 08:54:00	;43.2722905	;-2.940117333	;069	;0000	;000	;040517	;0759	;01477	;01450	;BC3BC3
2018-03-21 08:54:49	;43.272259167	;-2.9400855	;069	;0000	;000	;040517	;0759	;01477	;01450	;BC3BC3
2018-03-21 08:57:14	;43.272244333	;-2.940072167	;069	;0000	;000	;040517	;0759	;01477	;01450	;BC3BC3
2018-03-21 09:00:31	;43.272382333	;-2.940067333	;069	;0000	;000	;040517	;0759	;01477	;01450	;BC3BC3
2018-03-21 09:01:28	;43.272412833	;-2.940098167	;002	;4444	;333	;290506	;2338	;00720	;00375	;830D9B
2018-03-21 09:01:41	;43.2724075	;-2.940104333	;069	;0000	;000	;040517	;0759	;01477	;01450	;BC3BC3
2018-03-21 09:29:31	;43.272361	;-2.939918167	;069	;0000	;000	;040517	;0759	;01477	;01450	;BC3BC3
2018-03-21 09:56:45	;43.272365167	;-2.9399145	;069	;0000	;000	;040517	;0759	;01477	;01450	;BC3BC3
2018-03-21 10:02:12	;43.272460833	;-2.939893833	;069	;0000	;000	;040517	;0759	;01477	;01450	;BC3BC3
